[16:46:42] [ServerMain/INFO]: Building unoptimized datafixer
[16:46:42] [ServerMain/INFO]: Environment: authHost='https://authserver.mojang.com', accountsHost='https://api.mojang.com', sessionHost='https://sessionserver.mojang.com', servicesHost='https://api.minecraftservices.com', name='PROD'
[16:46:43] [ServerMain/INFO]: Loaded 7 recipes
[16:46:44] [ServerMain/INFO]: Loaded 1179 advancements
[16:46:45] [Server thread/INFO]: Starting minecraft server version 1.19.2
[16:46:45] [Server thread/INFO]: Loading properties
[16:46:45] [Server thread/INFO]: Default game type: SURVIVAL
[16:46:45] [Server thread/INFO]: Generating keypair
[16:46:45] [Server console handler/ERROR]: Exception handling console input
java.io.IOException: The handle is invalid
	at java.io.FileInputStream.readBytes(Native Method) ~[?:?]
	at java.io.FileInputStream.read(FileInputStream.java:276) ~[?:?]
	at java.io.BufferedInputStream.read1(BufferedInputStream.java:282) ~[?:?]
	at java.io.BufferedInputStream.read(BufferedInputStream.java:343) ~[?:?]
	at sun.nio.cs.StreamDecoder.readBytes(StreamDecoder.java:270) ~[?:?]
	at sun.nio.cs.StreamDecoder.implRead(StreamDecoder.java:313) ~[?:?]
	at sun.nio.cs.StreamDecoder.read(StreamDecoder.java:188) ~[?:?]
	at java.io.InputStreamReader.read(InputStreamReader.java:176) ~[?:?]
	at java.io.BufferedReader.fill(BufferedReader.java:162) ~[?:?]
	at java.io.BufferedReader.readLine(BufferedReader.java:329) ~[?:?]
	at java.io.BufferedReader.readLine(BufferedReader.java:396) ~[?:?]
	at afh$1.run(SourceFile:92) [server-1.19.2.jar:?]
[16:46:45] [Server thread/INFO]: Starting Minecraft server on *:25565
[16:46:45] [Server thread/INFO]: Using default channel type
[16:46:45] [Server thread/INFO]: Preparing level "world"
[16:47:00] [Server thread/INFO]: Preparing start region for dimension minecraft:overworld
[16:47:01] [Worker-Main-5/INFO]: Preparing spawn area: 0%
[16:47:01] [Worker-Main-5/INFO]: Preparing spawn area: 0%
[16:47:01] [Worker-Main-8/INFO]: Preparing spawn area: 0%
[16:47:02] [Worker-Main-2/INFO]: Preparing spawn area: 0%
[16:47:02] [Worker-Main-10/INFO]: Preparing spawn area: 0%
[16:47:03] [Worker-Main-4/INFO]: Preparing spawn area: 1%
[16:47:03] [Worker-Main-6/INFO]: Preparing spawn area: 3%
[16:47:04] [Worker-Main-4/INFO]: Preparing spawn area: 4%
[16:47:04] [Worker-Main-3/INFO]: Preparing spawn area: 6%
[16:47:05] [Worker-Main-6/INFO]: Preparing spawn area: 6%
[16:47:05] [Worker-Main-4/INFO]: Preparing spawn area: 9%
[16:47:06] [Worker-Main-3/INFO]: Preparing spawn area: 10%
[16:47:06] [Worker-Main-3/INFO]: Preparing spawn area: 12%
[16:47:07] [Worker-Main-4/INFO]: Preparing spawn area: 15%
[16:47:07] [Worker-Main-1/INFO]: Preparing spawn area: 17%
[16:47:08] [Worker-Main-4/INFO]: Preparing spawn area: 18%
[16:47:08] [Worker-Main-3/INFO]: Preparing spawn area: 21%
[16:47:09] [Worker-Main-9/INFO]: Preparing spawn area: 23%
[16:47:09] [Worker-Main-3/INFO]: Preparing spawn area: 25%
[16:47:10] [Worker-Main-4/INFO]: Preparing spawn area: 28%
[16:47:10] [Worker-Main-1/INFO]: Preparing spawn area: 30%
[16:47:11] [Worker-Main-8/INFO]: Preparing spawn area: 32%
[16:47:11] [Worker-Main-4/INFO]: Preparing spawn area: 34%
[16:47:12] [Worker-Main-4/INFO]: Preparing spawn area: 37%
[16:47:12] [Worker-Main-10/INFO]: Preparing spawn area: 39%
[16:47:13] [Worker-Main-2/INFO]: Preparing spawn area: 42%
[16:47:13] [Worker-Main-3/INFO]: Preparing spawn area: 43%
[16:47:14] [Worker-Main-5/INFO]: Preparing spawn area: 46%
[16:47:14] [Worker-Main-3/INFO]: Preparing spawn area: 49%
[16:47:15] [Worker-Main-11/INFO]: Preparing spawn area: 52%
[16:47:15] [Worker-Main-3/INFO]: Preparing spawn area: 55%
[16:47:16] [Worker-Main-11/INFO]: Preparing spawn area: 57%
[16:47:16] [Worker-Main-1/INFO]: Preparing spawn area: 58%
[16:47:17] [Worker-Main-7/INFO]: Preparing spawn area: 62%
[16:47:17] [Worker-Main-4/INFO]: Preparing spawn area: 65%
[16:47:18] [Worker-Main-2/INFO]: Preparing spawn area: 68%
[16:47:18] [Worker-Main-6/INFO]: Preparing spawn area: 70%
[16:47:19] [Worker-Main-10/INFO]: Preparing spawn area: 73%
[16:47:19] [Worker-Main-1/INFO]: Preparing spawn area: 77%
[16:47:20] [Worker-Main-7/INFO]: Preparing spawn area: 79%
[16:47:20] [Worker-Main-11/INFO]: Preparing spawn area: 83%
[16:47:21] [Worker-Main-10/INFO]: Preparing spawn area: 84%
[16:47:21] [Worker-Main-9/INFO]: Preparing spawn area: 87%
[16:47:22] [Worker-Main-2/INFO]: Preparing spawn area: 90%
[16:47:22] [Worker-Main-5/INFO]: Preparing spawn area: 93%
[16:47:23] [Worker-Main-3/INFO]: Preparing spawn area: 96%
[16:47:23] [Server thread/INFO]: Time elapsed: 22981 ms
[16:47:23] [Server thread/INFO]: Done (38.223s)! For help, type "help"
[16:47:27] [Server thread/INFO]: Stopping the server
[16:47:27] [Server thread/INFO]: Stopping server
[16:47:27] [Server thread/INFO]: Saving players
[16:47:27] [Server thread/INFO]: Saving worlds
[16:47:28] [Server thread/INFO]: Saving chunks for level 'ServerLevel[world]'/minecraft:overworld
[16:47:28] [Server thread/INFO]: Saving chunks for level 'ServerLevel[world]'/minecraft:the_nether
[16:47:28] [Server thread/INFO]: Saving chunks for level 'ServerLevel[world]'/minecraft:the_end
[16:47:28] [Server thread/INFO]: ThreadedAnvilChunkStorage (world): All chunks are saved
[16:47:28] [Server thread/INFO]: ThreadedAnvilChunkStorage (DIM-1): All chunks are saved
[16:47:28] [Server thread/INFO]: ThreadedAnvilChunkStorage (DIM1): All chunks are saved
[16:47:28] [Server thread/INFO]: ThreadedAnvilChunkStorage: All dimensions are saved
